<?xml version="1.0" encoding="UTF-8"?>
<testsuite time="0.014" failures="0" tests="1" name="tests" >
  <testcase time="0.005" classname="tests" name="probetest.ta" />
</testsuite>