<?xml version="1.0" encoding="UTF-8"?>
<testsuite time="13.2" failures="0" tests="2" name="tests" >
  <testcase time="7.084" classname="tests" name="junit4.ta" />
  <testcase time="6.111" classname="tests" name="junit5.ta" />
</testsuite>